
> temp-nest@0.0.1 build
> nest build

node:internal/modules/cjs/loader:1478
  throw err;
  ^

Error: Cannot find module './workflow/index'
Require stack:
- /Users/pavithrameddaduwage/Desktop/SEP-EVMS/evms-sep-group-4-backend/node_modules/@angular-devkit/schematics/src/index.js
- /Users/pavithrameddaduwage/Desktop/SEP-EVMS/evms-sep-group-4-backend/node_modules/@angular-devkit/schematics/tools/file-system-engine-host-base.js
- /Users/pavithrameddaduwage/Desktop/SEP-EVMS/evms-sep-group-4-backend/node_modules/@angular-devkit/schematics/tools/index.js
- /Users/pavithrameddaduwage/Desktop/SEP-EVMS/evms-sep-group-4-backend/node_modules/@nestjs/cli/lib/schematics/custom.collection.js
- /Users/pavithrameddaduwage/Desktop/SEP-EVMS/evms-sep-group-4-backend/node_modules/@nestjs/cli/lib/schematics/collection.factory.js
- /Users/pavithrameddaduwage/Desktop/SEP-EVMS/evms-sep-group-4-backend/node_modules/@nestjs/cli/lib/schematics/index.js
- /Users/pavithrameddaduwage/Desktop/SEP-EVMS/evms-sep-group-4-backend/node_modules/@nestjs/cli/actions/generate.action.js
- /Users/pavithrameddaduwage/Desktop/SEP-EVMS/evms-sep-group-4-backend/node_modules/@nestjs/cli/actions/index.js
- /Users/pavithrameddaduwage/Desktop/SEP-EVMS/evms-sep-group-4-backend/node_modules/@nestjs/cli/commands/command.loader.js
- /Users/pavithrameddaduwage/Desktop/SEP-EVMS/evms-sep-group-4-backend/node_modules/@nestjs/cli/commands/index.js
- /Users/pavithrameddaduwage/Desktop/SEP-EVMS/evms-sep-group-4-backend/node_modules/@nestjs/cli/bin/nest.js
    at Module._resolveFilename (node:internal/modules/cjs/loader:1475:15)
    at wrapResolveFilename (node:internal/modules/cjs/loader:1048:27)
    at defaultResolveImplForCJSLoading (node:internal/modules/cjs/loader:1072:10)
    at resolveForCJSWithHooks (node:internal/modules/cjs/loader:1093:12)
    at Module._load (node:internal/modules/cjs/loader:1261:25)
    at wrapModuleLoad (node:internal/modules/cjs/loader:255:19)
    at Module.require (node:internal/modules/cjs/loader:1575:12)
    at require (node:internal/modules/helpers:191:16)
    at Object.<anonymous> (/Users/pavithrameddaduwage/Desktop/SEP-EVMS/evms-sep-group-4-backend/node_modules/@angular-devkit/schematics/src/index.js:53:31)
    at Module._compile (node:internal/modules/cjs/loader:1831:14) {
  code: 'MODULE_NOT_FOUND',
  requireStack: [
    '/Users/pavithrameddaduwage/Desktop/SEP-EVMS/evms-sep-group-4-backend/node_modules/@angular-devkit/schematics/src/index.js',
    '/Users/pavithrameddaduwage/Desktop/SEP-EVMS/evms-sep-group-4-backend/node_modules/@angular-devkit/schematics/tools/file-system-engine-host-base.js',
    '/Users/pavithrameddaduwage/Desktop/SEP-EVMS/evms-sep-group-4-backend/node_modules/@angular-devkit/schematics/tools/index.js',
    '/Users/pavithrameddaduwage/Desktop/SEP-EVMS/evms-sep-group-4-backend/node_modules/@nestjs/cli/lib/schematics/custom.collection.js',
    '/Users/pavithrameddaduwage/Desktop/SEP-EVMS/evms-sep-group-4-backend/node_modules/@nestjs/cli/lib/schematics/collection.factory.js',
    '/Users/pavithrameddaduwage/Desktop/SEP-EVMS/evms-sep-group-4-backend/node_modules/@nestjs/cli/lib/schematics/index.js',
    '/Users/pavithrameddaduwage/Desktop/SEP-EVMS/evms-sep-group-4-backend/node_modules/@nestjs/cli/actions/generate.action.js',
    '/Users/pavithrameddaduwage/Desktop/SEP-EVMS/evms-sep-group-4-backend/node_modules/@nestjs/cli/actions/index.js',
    '/Users/pavithrameddaduwage/Desktop/SEP-EVMS/evms-sep-group-4-backend/node_modules/@nestjs/cli/commands/command.loader.js',
    '/Users/pavithrameddaduwage/Desktop/SEP-EVMS/evms-sep-group-4-backend/node_modules/@nestjs/cli/commands/index.js',
    '/Users/pavithrameddaduwage/Desktop/SEP-EVMS/evms-sep-group-4-backend/node_modules/@nestjs/cli/bin/nest.js'
  ]
}

Node.js v25.8.0
